Thread  	Address                 	Instruction                     	Result                                  	
000011A8	.text:start             	Memory layout changed: 67 segments	Memory layout changed: 67 segments      	
000011A8	.text:start             	push    ebp                     	ESP=0060FF80                            	
000011A8	.text:start+1           	mov     ebp, esp                	EBP=0060FF80                            	
000011A8	.text:start+3           	sub     esp, 28h                	ESP=0060FF58 PF=0 AF=1 ZF=0             	
000011A8	.text:start+6           	mov     [esp+28h+Str], offset Str; \"Hello Loop\"	                                        	
000011A8	.text:start+D           	call    puts                    	ESP=0060FF54                            	
000011A8	.text:puts              	jmp     ds:__imp_puts           	EAX=00000000 ECX=75259AFF EDX=00000000 ESP=0060FF58 PF=1 AF=0 ZF=1 	
000011A8	.text:start+12          	mov     [esp+28h+var_24], 0BABE5h	                                        	
000011A8	.text:start+1A          	mov     [esp+28h+Str], 0AFFE1h  	                                        	
000011A8	.text:start+21          	call    sub_401000              	ESP=0060FF54                            	
000011A8	.text:sub_401000        	jmp     loc_40489B              	                                        	
000011A8	.vmp0:loc_40489B        	push    offset loc_4048A5       	ESP=0060FF50                            	
000011A8	.vmp0:004048A0          	call    sub_404133              	ESP=0060FF4C                            	
000011A8	.vmp0:sub_404133        	push    edi                     	ESP=0060FF48                            	
000011A8	.vmp0:sub_404133+1      	push    edx                     	ESP=0060FF44                            	
000011A8	.vmp0:sub_404133+2      	push    eax                     	ESP=0060FF40                            	
000011A8	.vmp0:sub_404133+3      	push    esi                     	ESP=0060FF3C                            	
000011A8	.vmp0:sub_404133+4      	pushf                           	ESP=0060FF38                            	
000011A8	.vmp0:sub_404133+5      	push    ecx                     	ESP=0060FF34                            	
000011A8	.vmp0:sub_404133+6      	push    ebp                     	ESP=0060FF30                            	
000011A8	.vmp0:sub_404133+7      	push    ebx                     	ESP=0060FF2C                            	
000011A8	.vmp0:sub_404133+8      	push    eax                     	ESP=0060FF28                            	
000011A8	.vmp0:sub_404133+9      	push    dword_401005            	ESP=0060FF24                            	
000011A8	.vmp0:sub_404133+F      	push    0                       	ESP=0060FF20                            	
000011A8	.vmp0:sub_404133+14     	mov     esi, [esp+2Ch+arg_0]    	ESI=004048A5                            	
000011A8	.vmp0:sub_404133+18     	mov     ebp, esp                	EBP=0060FF20                            	
000011A8	.vmp0:sub_404133+1A     	sub     esp, 0C0h               	ESP=0060FE60 ZF=0                       	
000011A8	.vmp0:sub_404133+20     	mov     edi, esp                	EDI=0060FE60                            	
000011A8	.vmp0:sub_404133:loc_404155	add     esi, [ebp+0]            	                                        	
000011A8	.vmp0:sub_404133:loc_404158	mov     al, [esi]               	EAX=000000AE                            	
000011A8	.vmp0:sub_404133+27     	sub     esi, 0FFFFFFFFh         	ESI=004048A6 CF=1 AF=1                  	
000011A8	.vmp0:sub_404133+2A     	movzx   eax, al                 	                                        	
000011A8	.vmp0:sub_404133+2D     	jmp     ds:off_4041FC[eax*4]    	                                        	
000011A8	.vmp0:sub_404133:loc_4046F5	mov     al, [esi]               	EAX=00000010                            	
000011A8	.vmp0:sub_404133+5C4    	mov     edx, [ebp+0]            	                                        	
000011A8	.vmp0:sub_404133+5C7    	add     ebp, 4                  	EBP=0060FF24 CF=0 AF=0                  	
000011A8	.vmp0:sub_404133+5CA    	mov     [eax+edi], edx          	                                        	
000011A8	.vmp0:sub_404133+5CD    	add     esi, 1                  	ESI=004048A7 PF=0                       	
000011A8	.vmp0:sub_404133+5D0    	jmp     loc_404158              	                                        	
000011A8	.vmp0:sub_404133:loc_404158	mov     al, [esi]               	EAX=000000E8                            	
000011A8	.vmp0:sub_404133+27     	sub     esi, 0FFFFFFFFh         	ESI=004048A8 CF=1 AF=1                  	
000011A8	.vmp0:sub_404133+2A     	movzx   eax, al                 	                                        	
000011A8	.vmp0:sub_404133+2D     	jmp     ds:off_4041FC[eax*4]    	                                        	
000011A8	.vmp0:sub_404133:loc_404708	mov     eax, [esi]              	EAX=50432B77                            	
000011A8	.vmp0:sub_404133+5D7    	sub     ebp, 4                  	EBP=0060FF20 CF=0 AF=0                  	
000011A8	.vmp0:sub_404133+5DA    	add     esi, 4                  	ESI=004048AC PF=1                       	
000011A8	.vmp0:sub_404133+5DD    	mov     [ebp+0], eax            	                                        	
000011A8	.vmp0:sub_404133+5E0    	jmp     $+5                     	                                        	
000011A8	.vmp0:sub_404133:loc_404718	lea     eax, [edi+50h]          	EAX=0060FEB0                            	
000011A8	.vmp0:sub_404133+5E8    	cmp     ebp, eax                	PF=0                                    	
000011A8	.vmp0:sub_404133+5EA    	ja      loc_404158              	                                        	
000011A8	.vmp0:sub_404133:loc_404158	mov     al, [esi]               	EAX=0060FE00                            	
000011A8	.vmp0:sub_404133+27     	sub     esi, 0FFFFFFFFh         	ESI=004048AD CF=1 AF=1                  	
000011A8	.vmp0:sub_404133+2A     	movzx   eax, al                 	EAX=00000000                            	
000011A8	.vmp0:sub_404133+2D     	jmp     ds:off_4041FC[eax*4]    	                                        	
000011A8	.vmp0:sub_404133:loc_4046E6	mov     eax, [ebp+0]            	EAX=50432B77                            	
000011A8	.vmp0:sub_404133+5B6    	add     [ebp+4], eax            	CF=0 PF=1 AF=0                          	
000011A8	.vmp0:sub_404133+5B9    	pushf                           	ESP=0060FE5C                            	
000011A8	.vmp0:sub_404133+5BA    	pop     dword ptr [ebp+0]       	ESP=0060FE60                            	
000011A8	.vmp0:sub_404133+5BD    	jmp     loc_404158              	                                        	
000011A8	.vmp0:sub_404133:loc_404158	mov     al, [esi]               	EAX=50432B29                            	
000011A8	.vmp0:sub_404133+27     	sub     esi, 0FFFFFFFFh         	ESI=004048AE CF=1 PF=0 AF=1             	
000011A8	.vmp0:sub_404133+2A     	movzx   eax, al                 	EAX=00000029                            	
000011A8	.vmp0:sub_404133+2D     	jmp     ds:off_4041FC[eax*4]    	                                        	
000011A8	.vmp0:sub_404133:loc_4046F5	mov     al, [esi]               	EAX=0000002C                            	
000011A8	.vmp0:sub_404133+5C4    	mov     edx, [ebp+0]            	EDX=00000206                            	
000011A8	.vmp0:sub_404133+5C7    	add     ebp, 4                  	EBP=0060FF24 CF=0 PF=1 AF=0             	
000011A8	.vmp0:sub_404133+5CA    	mov     [eax+edi], edx          	                                        	
000011A8	.vmp0:sub_404133+5CD    	add     esi, 1                  	ESI=004048AF                            	
000011A8	.vmp0:sub_404133+5D0    	jmp     loc_404158              	                                        	
000011A8	.vmp0:sub_404133:loc_404158	mov     al, [esi]               	EAX=000000A9                            	
000011A8	.vmp0:sub_404133+27     	sub     esi, 0FFFFFFFFh         	ESI=004048B0 CF=1 PF=0                  	
000011A8	.vmp0:sub_404133+2A     	movzx   eax, al                 	                                        	
000011A8	.vmp0:sub_404133+2D     	jmp     ds:off_4041FC[eax*4]    	                                        	
000011A8	.vmp0:sub_404133:loc_4046F5	mov     al, [esi]               	EAX=00000008                            	
000011A8	.vmp0:sub_404133+5C4    	mov     edx, [ebp+0]            	EDX=50432B77                            	
000011A8	.vmp0:sub_404133+5C7    	add     ebp, 4                  	EBP=0060FF28 CF=0 PF=1                  	
000011A8	.vmp0:sub_404133+5CA    	mov     [eax+edi], edx          	                                        	
000011A8	.vmp0:sub_404133+5CD    	add     esi, 1                  	ESI=004048B1                            	
000011A8	.vmp0:sub_404133+5D0    	jmp     loc_404158              	                                        	
000011A8	.vmp0:sub_404133:loc_404158	mov     al, [esi]               	EAX=000000A9                            	
000011A8	.vmp0:sub_404133+27     	sub     esi, 0FFFFFFFFh         	ESI=004048B2 CF=1 AF=1                  	
000011A8	.vmp0:sub_404133+2A     	movzx   eax, al                 	                                        	
000011A8	.vmp0:sub_404133+2D     	jmp     ds:off_4041FC[eax*4]    	                                        	
000011A8	.vmp0:sub_404133:loc_4046F5	mov     al, [esi]               	EAX=0000003C                            	
000011A8	.vmp0:sub_404133+5C4    	mov     edx, [ebp+0]            	EDX=00000000                            	
000011A8	.vmp0:sub_404133+5C7    	add     ebp, 4                  	EBP=0060FF2C CF=0 PF=0 AF=0             	
000011A8	.vmp0:sub_404133+5CA    	mov     [eax+edi], edx          	                                        	
000011A8	.vmp0:sub_404133+5CD    	add     esi, 1                  	ESI=004048B3                            	
000011A8	.vmp0:sub_404133+5D0    	jmp     loc_404158              	                                        	
000011A8	.vmp0:sub_404133:loc_404158	mov     al, [esi]               	EAX=000000A9                            	
000011A8	.vmp0:sub_404133+27     	sub     esi, 0FFFFFFFFh         	ESI=004048B4 CF=1 PF=1 AF=1             	
000011A8	.vmp0:sub_404133+2A     	movzx   eax, al                 	                                        	
000011A8	.vmp0:sub_404133+2D     	jmp     ds:off_4041FC[eax*4]    	                                        	
000011A8	.vmp0:sub_404133:loc_4046F5	mov     al, [esi]               	EAX=00000020                            	
000011A8	.vmp0:sub_404133+5C4    	mov     edx, [ebp+0]            	EDX=002D4000                            	
000011A8	.vmp0:sub_404133+5C7    	add     ebp, 4                  	EBP=0060FF30 CF=0                       	
000011A8	.vmp0:sub_404133+5CA    	mov     [eax+edi], edx          	                                        	
000011A8	.vmp0:sub_404133+5CD    	add     esi, 1                  	ESI=004048B5 PF=0 AF=0                  	
000011A8	.vmp0:sub_404133+5D0    	jmp     loc_404158              	                                        	
000011A8	.vmp0:sub_404133:loc_404158	mov     al, [esi]               	EAX=00000067                            	
000011A8	.vmp0:sub_404133+27     	sub     esi, 0FFFFFFFFh         	ESI=004048B6 CF=1 AF=1                  	
000011A8	.vmp0:sub_404133+2A     	movzx   eax, al                 	                                        	
000011A8	.vmp0:sub_404133+2D     	jmp     ds:off_4041FC[eax*4]    	                                        	
000011A8	.vmp0:sub_404133:loc_4046F5	mov     al, [esi]               	EAX=00000038                            	
000011A8	.vmp0:sub_404133+5C4    	mov     edx, [ebp+0]            	EDX=0060FF80                            	
000011A8	.vmp0:sub_404133+5C7    	add     ebp, 4                  	EBP=0060FF34 CF=0 AF=0                  	
000011A8	.vmp0:sub_404133+5CA    	mov     [eax+edi], edx          	                                        	
000011A8	.vmp0:sub_404133+5CD    	add     esi, 1                  	ESI=004048B7 PF=1                       	
000011A8	.vmp0:sub_404133+5D0    	jmp     loc_404158              	                                        	
000011A8	.vmp0:sub_404133:loc_404158	mov     al, [esi]               	EAX=00000029                            	
000011A8	.vmp0:sub_404133+27     	sub     esi, 0FFFFFFFFh         	ESI=004048B8 CF=1 AF=1                  	
000011A8	.vmp0:sub_404133+2A     	movzx   eax, al                 	                                        	
000011A8	.vmp0:sub_404133+2D     	jmp     ds:off_4041FC[eax*4]    	                                        	
000011A8	.vmp0:sub_404133:loc_4046F5	mov     al, [esi]               	EAX=0000002C                            	
000011A8	.vmp0:sub_404133+5C4    	mov     edx, [ebp+0]            	EDX=75259AFF                            	
000011A8	.vmp0:sub_404133+5C7    	add     ebp, 4                  	EBP=0060FF38 CF=0 PF=0 AF=0             	
000011A8	.vmp0:sub_404133+5CA    	mov     [eax+edi], edx          	                                        	
000011A8	.vmp0:sub_404133+5CD    	add     esi, 1                  	ESI=004048B9                            	
000011A8	.vmp0:sub_404133+5D0    	jmp     loc_404158              	                                        	
000011A8	.vmp0:sub_404133:loc_404158	mov     al, [esi]               	EAX=00000029                            	
000011A8	.vmp0:sub_404133+27     	sub     esi, 0FFFFFFFFh         	ESI=004048BA CF=1 AF=1                  	
000011A8	.vmp0:sub_404133+2A     	movzx   eax, al                 	                                        	
000011A8	.vmp0:sub_404133+2D     	jmp     ds:off_4041FC[eax*4]    	                                        	
000011A8	.vmp0:sub_404133:loc_4046F5	mov     al, [esi]               	EAX=00000004                            	
000011A8	.vmp0:sub_404133+5C4    	mov     edx, [ebp+0]            	EDX=00000246                            	
000011A8	.vmp0:sub_404133+5C7    	add     ebp, 4                  	EBP=0060FF3C CF=0 PF=1 AF=0             	
000011A8	.vmp0:sub_404133+5CA    	mov     [eax+edi], edx          	                                        	
000011A8	.vmp0:sub_404133+5CD    	add     esi, 1                  	ESI=004048BB                            	
000011A8	.vmp0:sub_404133+5D0    	jmp     loc_404158              	                                        	
000011A8	.vmp0:sub_404133:loc_404158	mov     al, [esi]               	EAX=00000067                            	
000011A8	.vmp0:sub_404133+27     	sub     esi, 0FFFFFFFFh         	ESI=004048BC CF=1 PF=0 AF=1             	
000011A8	.vmp0:sub_404133+2A     	movzx   eax, al                 	                                        	
000011A8	.vmp0:sub_404133+2D     	jmp     ds:off_4041FC[eax*4]    	                                        	
000011A8	.vmp0:sub_404133:loc_4046F5	mov     al, [esi]               	EAX=00000000                            	
000011A8	.vmp0:sub_404133+5C4    	mov     edx, [ebp+0]            	EDX=0040100B                            	
000011A8	.vmp0:sub_404133+5C7    	add     ebp, 4                  	EBP=0060FF40 CF=0                       	
000011A8	.vmp0:sub_404133+5CA    	mov     [eax+edi], edx          	                                        	
000011A8	.vmp0:sub_404133+5CD    	add     esi, 1                  	ESI=004048BD PF=1 AF=0                  	
000011A8	.vmp0:sub_404133+5D0    	jmp     loc_404158              	                                        	
000011A8	.vmp0:sub_404133:loc_404158	mov     al, [esi]               	EAX=00000029                            	
000011A8	.vmp0:sub_404133+27     	sub     esi, 0FFFFFFFFh         	ESI=004048BE CF=1 AF=1                  	
000011A8	.vmp0:sub_404133+2A     	movzx   eax, al                 	                                        	
000011A8	.vmp0:sub_404133+2D     	jmp     ds:off_4041FC[eax*4]    	                                        	
000011A8	.vmp0:sub_404133:loc_4046F5	mov     al, [esi]               	EAX=00000024                            	
000011A8	.vmp0:sub_404133+5C4    	mov     edx, [ebp+0]            	EDX=00000000                            	
000011A8	.vmp0:sub_404133+5C7    	add     ebp, 4                  	EBP=0060FF44 CF=0 AF=0                  	
000011A8	.vmp0:sub_404133+5CA    	mov     [eax+edi], edx          	                                        	
000011A8	.vmp0:sub_404133+5CD    	add     esi, 1                  	ESI=004048BF PF=0                       	
000011A8	.vmp0:sub_404133+5D0    	jmp     loc_404158              	                                        	
000011A8	.vmp0:sub_404133:loc_404158	mov     al, [esi]               	EAX=00000029                            	
000011A8	.vmp0:sub_404133+27     	sub     esi, 0FFFFFFFFh         	ESI=004048C0 CF=1 PF=1                  	
000011A8	.vmp0:sub_404133+2A     	movzx   eax, al                 	                                        	
000011A8	.vmp0:sub_404133+2D     	jmp     ds:off_4041FC[eax*4]    	                                        	
000011A8	.vmp0:sub_404133:loc_4046F5	mov     al, [esi]               	EAX=00000014                            	
000011A8	.vmp0:sub_404133+5C4    	mov     edx, [ebp+0]            	                                        	
000011A8	.vmp0:sub_404133+5C7    	add     ebp, 4                  	EBP=0060FF48 CF=0                       	
000011A8	.vmp0:sub_404133+5CA    	mov     [eax+edi], edx          	                                        	
000011A8	.vmp0:sub_404133+5CD    	add     esi, 1                  	ESI=004048C1 PF=0                       	
000011A8	.vmp0:sub_404133+5D0    	jmp     loc_404158              	                                        	
000011A8	.vmp0:sub_404133:loc_404158	mov     al, [esi]               	EAX=00000029                            	
000011A8	.vmp0:sub_404133+27     	sub     esi, 0FFFFFFFFh         	ESI=004048C2 CF=1 AF=1                  	
000011A8	.vmp0:sub_404133+2A     	movzx   eax, al                 	                                        	
000011A8	.vmp0:sub_404133+2D     	jmp     ds:off_4041FC[eax*4]    	                                        	
000011A8	.vmp0:sub_404133:loc_4046F5	mov     al, [esi]               	EAX=0000000C                            	
000011A8	.vmp0:sub_404133+5C4    	mov     edx, [ebp+0]            	EDX=0040100B                            	
000011A8	.vmp0:sub_404133+5C7    	add     ebp, 4                  	EBP=0060FF4C CF=0 AF=0                  	
000011A8	.vmp0:sub_404133+5CA    	mov     [eax+edi], edx          	                                        	
000011A8	.vmp0:sub_404133+5CD    	add     esi, 1                  	ESI=004048C3 PF=1                       	
000011A8	.vmp0:sub_404133+5D0    	jmp     loc_404158              	                                        	
000011A8	.vmp0:sub_404133:loc_404158	mov     al, [esi]               	EAX=00000029                            	
000011A8	.vmp0:sub_404133+27     	sub     esi, 0FFFFFFFFh         	ESI=004048C4 CF=1 PF=0 AF=1             	
000011A8	.vmp0:sub_404133+2A     	movzx   eax, al                 	                                        	
000011A8	.vmp0:sub_404133+2D     	jmp     ds:off_4041FC[eax*4]    	                                        	
000011A8	.vmp0:sub_404133:loc_4046F5	mov     al, [esi]               	EAX=0000001C                            	
000011A8	.vmp0:sub_404133+5C4    	mov     edx, [ebp+0]            	EDX=004048A5                            	
000011A8	.vmp0:sub_404133+5C7    	add     ebp, 4                  	EBP=0060FF50 CF=0 PF=1                  	
000011A8	.vmp0:sub_404133+5CA    	mov     [eax+edi], edx          	                                        	
000011A8	.vmp0:sub_404133+5CD    	add     esi, 1                  	ESI=004048C5 AF=0                       	
000011A8	.vmp0:sub_404133+5D0    	jmp     loc_404158              	                                        	
000011A8	.vmp0:sub_404133:loc_404158	mov     al, [esi]               	EAX=00000029                            	
000011A8	.vmp0:sub_404133+27     	sub     esi, 0FFFFFFFFh         	ESI=004048C6 CF=1 AF=1                  	
000011A8	.vmp0:sub_404133+2A     	movzx   eax, al                 	                                        	
000011A8	.vmp0:sub_404133+2D     	jmp     ds:off_4041FC[eax*4]    	                                        	
000011A8	.vmp0:sub_404133:loc_4046F5	mov     al, [esi]               	EAX=00000030                            	
000011A8	.vmp0:sub_404133+5C4    	mov     edx, [ebp+0]            	                                        	
000011A8	.vmp0:sub_404133+5C7    	add     ebp, 4                  	EBP=0060FF54 CF=0 PF=0 AF=0             	
000011A8	.vmp0:sub_404133+5CA    	mov     [eax+edi], edx          	                                        	
000011A8	.vmp0:sub_404133+5CD    	add     esi, 1                  	ESI=004048C7                            	
000011A8	.vmp0:sub_404133+5D0    	jmp     loc_404158              	                                        	
000011A8	.vmp0:sub_404133:loc_404158	mov     al, [esi]               	EAX=00000028                            	
000011A8	.vmp0:sub_404133+27     	sub     esi, 0FFFFFFFFh         	ESI=004048C8 CF=1 AF=1                  	
000011A8	.vmp0:sub_404133+2A     	movzx   eax, al                 	                                        	
000011A8	.vmp0:sub_404133+2D     	jmp     ds:off_4041FC[eax*4]    	                                        	
000011A8	.vmp0:sub_404133:loc_40485E	mov     al, [esi]               	EAX=00000038                            	
000011A8	.vmp0:sub_404133+72D    	mov     edx, [eax+edi]          	EDX=0060FF80                            	
000011A8	.vmp0:sub_404133+730    	inc     esi                     	ESI=004048C9 PF=1 AF=0                  	
000011A8	.vmp0:sub_404133+731    	sub     ebp, 4                  	EBP=0060FF50 CF=0                       	
000011A8	.vmp0:sub_404133+734    	mov     [ebp+0], edx            	                                        	
000011A8	.vmp0:sub_404133+737    	jmp     loc_404718              	                                        	
000011A8	.vmp0:sub_404133:loc_404718	lea     eax, [edi+50h]          	EAX=0060FEB0                            	
000011A8	.vmp0:sub_404133+5E8    	cmp     ebp, eax                	                                        	
000011A8	.vmp0:sub_404133+5EA    	ja      loc_404158              	                                        	
000011A8	.vmp0:sub_404133:loc_404158	mov     al, [esi]               	EAX=0060FE15                            	
000011A8	.vmp0:sub_404133+27     	sub     esi, 0FFFFFFFFh         	ESI=004048CA CF=1 AF=1                  	
000011A8	.vmp0:sub_404133+2A     	movzx   eax, al                 	EAX=00000015                            	
000011A8	.vmp0:sub_404133+2D     	jmp     ds:off_4041FC[eax*4]    	                                        	
000011A8	.vmp0:sub_404133:loc_404199	mov     eax, ebp                	EAX=0060FF50                            	
000011A8	.vmp0:sub_404133+68     	sub     ebp, 4                  	EBP=0060FF4C CF=0 PF=0                  	
000011A8	.vmp0:sub_404133+6B     	mov     [ebp+0], eax            	                                        	
000011A8	.vmp0:sub_404133+6E     	jmp     loc_404718              	                                        	
000011A8	.vmp0:sub_404133:loc_404718	lea     eax, [edi+50h]          	EAX=0060FEB0                            	
000011A8	.vmp0:sub_404133+5E8    	cmp     ebp, eax                	PF=1 AF=0                               	
000011A8	.vmp0:sub_404133+5EA    	ja      loc_404158              	                                        	
000011A8	.vmp0:sub_404133:loc_404158	mov     al, [esi]               	EAX=0060FE29                            	
000011A8	.vmp0:sub_404133+27     	sub     esi, 0FFFFFFFFh         	ESI=004048CB CF=1 PF=0 AF=1             	
000011A8	.vmp0:sub_404133+2A     	movzx   eax, al                 	EAX=00000029                            	
000011A8	.vmp0:sub_404133+2D     	jmp     ds:off_4041FC[eax*4]    	                                        	
000011A8	.vmp0:sub_404133:loc_4046F5	mov     al, [esi]               	EAX=00000028                            	
000011A8	.vmp0:sub_404133+5C4    	mov     edx, [ebp+0]            	EDX=0060FF50                            	
000011A8	.vmp0:sub_404133+5C7    	add     ebp, 4                  	EBP=0060FF50 CF=0 PF=1                  	
000011A8	.vmp0:sub_404133+5CA    	mov     [eax+edi], edx          	                                        	
000011A8	.vmp0:sub_404133+5CD    	add     esi, 1                  	ESI=004048CC AF=0                       	
000011A8	.vmp0:sub_404133+5D0    	jmp     loc_404158              	                                        	
000011A8	.vmp0:sub_404133:loc_404158	mov     al, [esi]               	EAX=0000003D                            	
000011A8	.vmp0:sub_404133+27     	sub     esi, 0FFFFFFFFh         	ESI=004048CD CF=1 PF=0 AF=1             	
000011A8	.vmp0:sub_404133+2A     	movzx   eax, al                 	                                        	
000011A8	.vmp0:sub_404133+2D     	jmp     ds:off_4041FC[eax*4]    	                                        	
000011A8	.vmp0:sub_404133:loc_40460A	mov     al, [esi]               	EAX=00000008                            	
000011A8	.vmp0:sub_404133+4D9    	cbw                             	                                        	
000011A8	.vmp0:sub_404133+4DB    	add     esi, 1                  	ESI=004048CE CF=0 AF=0                  	
000011A8	.vmp0:sub_404133+4DE    	cwde                            	                                        	
000011A8	.vmp0:sub_404133+4DF    	sub     ebp, 4                  	EBP=0060FF4C AF=1                       	
000011A8	.vmp0:sub_404133+4E2    	mov     [ebp+0], eax            	                                        	
000011A8	.vmp0:sub_404133+4E5    	jmp     loc_404718              	                                        	
000011A8	.vmp0:sub_404133:loc_404718	lea     eax, [edi+50h]          	EAX=0060FEB0                            	
000011A8	.vmp0:sub_404133+5E8    	cmp     ebp, eax                	PF=1 AF=0                               	
000011A8	.vmp0:sub_404133+5EA    	ja      loc_404158              	                                        	
000011A8	.vmp0:sub_404133:loc_404158	mov     al, [esi]               	EAX=0060FE28                            	
000011A8	.vmp0:sub_404133+27     	sub     esi, 0FFFFFFFFh         	ESI=004048CF CF=1 AF=1                  	
000011A8	.vmp0:sub_404133+2A     	movzx   eax, al                 	EAX=00000028                            	
000011A8	.vmp0:sub_404133+2D     	jmp     ds:off_4041FC[eax*4]    	                                        	
000011A8	.vmp0:sub_404133:loc_40485E	mov     al, [esi]               	                                        	
000011A8	.vmp0:sub_404133+72D    	mov     edx, [eax+edi]          	                                        	
000011A8	.vmp0:sub_404133+730    	inc     esi                     	ESI=004048D0 PF=0                       	
000011A8	.vmp0:sub_404133+731    	sub     ebp, 4                  	EBP=0060FF48 CF=0 PF=1 AF=0             	
000011A8	.vmp0:sub_404133+734    	mov     [ebp+0], edx            	                                        	
000011A8	.vmp0:sub_404133+737    	jmp     loc_404718              	                                        	
000011A8	.vmp0:sub_404133:loc_404718	lea     eax, [edi+50h]          	EAX=0060FEB0                            	
000011A8	.vmp0:sub_404133+5E8    	cmp     ebp, eax                	PF=0                                    	
000011A8	.vmp0:sub_404133+5EA    	ja      loc_404158              	                                        	
000011A8	.vmp0:sub_404133:loc_404158	mov     al, [esi]               	EAX=0060FE02                            	
000011A8	.vmp0:sub_404133+27     	sub     esi, 0FFFFFFFFh         	ESI=004048D1 CF=1 PF=1 AF=1             	
000011A8	.vmp0:sub_404133+2A     	movzx   eax, al                 	EAX=00000002                            	
000011A8	.vmp0:sub_404133+2D     	jmp     ds:off_4041FC[eax*4]    	                                        	
000011A8	.vmp0:sub_404133:loc_4046E6	mov     eax, [ebp+0]            	EAX=0060FF50                            	
000011A8	.vmp0:sub_404133+5B6    	add     [ebp+4], eax            	CF=0 PF=0 AF=0                          	
000011A8	.vmp0:sub_404133+5B9    	pushf                           	ESP=0060FE5C                            	
000011A8	.vmp0:sub_404133+5BA    	pop     dword ptr [ebp+0]       	ESP=0060FE60                            	
000011A8	.vmp0:sub_404133+5BD    	jmp     loc_404158              	                                        	
000011A8	.vmp0:sub_404133:loc_404158	mov     al, [esi]               	EAX=0060FFA9                            	
000011A8	.vmp0:sub_404133+27     	sub     esi, 0FFFFFFFFh         	ESI=004048D2 CF=1 PF=1 AF=1             	
000011A8	.vmp0:sub_404133+2A     	movzx   eax, al                 	EAX=000000A9                            	
000011A8	.vmp0:sub_404133+2D     	jmp     ds:off_4041FC[eax*4]    	                                        	
000011A8	.vmp0:sub_404133:loc_4046F5	mov     al, [esi]               	EAX=00000030                            	
000011A8	.vmp0:sub_404133+5C4    	mov     edx, [ebp+0]            	EDX=00000302                            	
000011A8	.vmp0:sub_404133+5C7    	add     ebp, 4                  	EBP=0060FF4C CF=0 PF=0 AF=0             	
000011A8	.vmp0:sub_404133+5CA    	mov     [eax+edi], edx          	                                        	
000011A8	.vmp0:sub_404133+5CD    	add     esi, 1                  	ESI=004048D3                            	
000011A8	.vmp0:sub_404133+5D0    	jmp     loc_404158              	                                        	
000011A8	.vmp0:sub_404133:loc_404158	mov     al, [esi]               	EAX=00000063                            	
000011A8	.vmp0:sub_404133+27     	sub     esi, 0FFFFFFFFh         	ESI=004048D4 CF=1 PF=1 AF=1             	
000011A8	.vmp0:sub_404133+2A     	movzx   eax, al                 	                                        	
000011A8	.vmp0:sub_404133+2D     	jmp     ds:off_4041FC[eax*4]    	                                        	
000011A8	.vmp0:sub_404133:loc_4045FC	mov     eax, [ebp+0]            	EAX=0060FF58                            	
000011A8	.vmp0:sub_404133+4CC    	mov     eax, ss:[eax]           	EAX=000AFFE1                            	
000011A8	.vmp0:sub_404133+4CF    	mov     [ebp+0], eax            	                                        	
000011A8	.vmp0:sub_404133+4D2    	jmp     loc_404158              	                                        	
000011A8	.vmp0:sub_404133:loc_404158	mov     al, [esi]               	EAX=000AFF29                            	
000011A8	.vmp0:sub_404133+27     	sub     esi, 0FFFFFFFFh         	ESI=004048D5 PF=0                       	
000011A8	.vmp0:sub_404133+2A     	movzx   eax, al                 	EAX=00000029                            	
000011A8	.vmp0:sub_404133+2D     	jmp     ds:off_4041FC[eax*4]    	                                        	
000011A8	.vmp0:sub_404133:loc_4046F5	mov     al, [esi]               	EAX=00000030                            	
000011A8	.vmp0:sub_404133+5C4    	mov     edx, [ebp+0]            	EDX=000AFFE1                            	
000011A8	.vmp0:sub_404133+5C7    	add     ebp, 4                  	EBP=0060FF50 CF=0 PF=1                  	
000011A8	.vmp0:sub_404133+5CA    	mov     [eax+edi], edx          	                                        	
000011A8	.vmp0:sub_404133+5CD    	add     esi, 1                  	ESI=004048D6 PF=0 AF=0                  	
000011A8	.vmp0:sub_404133+5D0    	jmp     loc_404158              	                                        	
000011A8	.vmp0:sub_404133:loc_404158	mov     al, [esi]               	EAX=0000000E                            	
000011A8	.vmp0:sub_404133+27     	sub     esi, 0FFFFFFFFh         	ESI=004048D7 CF=1 PF=1 AF=1             	
000011A8	.vmp0:sub_404133+2A     	movzx   eax, al                 	                                        	
000011A8	.vmp0:sub_404133+2D     	jmp     ds:off_4041FC[eax*4]    	                                        	
000011A8	.vmp0:sub_404133:loc_40460A	mov     al, [esi]               	EAX=0000000C                            	
000011A8	.vmp0:sub_404133+4D9    	cbw                             	                                        	
000011A8	.vmp0:sub_404133+4DB    	add     esi, 1                  	ESI=004048D8 CF=0 AF=0                  	
000011A8	.vmp0:sub_404133+4DE    	cwde                            	                                        	
000011A8	.vmp0:sub_404133+4DF    	sub     ebp, 4                  	EBP=0060FF4C PF=0 AF=1                  	
000011A8	.vmp0:sub_404133+4E2    	mov     [ebp+0], eax            	                                        	
000011A8	.vmp0:sub_404133+4E5    	jmp     loc_404718              	                                        	
000011A8	.vmp0:sub_404133:loc_404718	lea     eax, [edi+50h]          	EAX=0060FEB0                            	
000011A8	.vmp0:sub_404133+5E8    	cmp     ebp, eax                	PF=1 AF=0                               	
000011A8	.vmp0:sub_404133+5EA    	ja      loc_404158              	                                        	
000011A8	.vmp0:sub_404133:loc_404158	mov     al, [esi]               	EAX=0060FE28                            	
000011A8	.vmp0:sub_404133+27     	sub     esi, 0FFFFFFFFh         	ESI=004048D9 CF=1 PF=0 AF=1             	
000011A8	.vmp0:sub_404133+2A     	movzx   eax, al                 	EAX=00000028                            	
000011A8	.vmp0:sub_404133+2D     	jmp     ds:off_4041FC[eax*4]    	                                        	
000011A8	.vmp0:sub_404133:loc_40485E	mov     al, [esi]               	                                        	
000011A8	.vmp0:sub_404133+72D    	mov     edx, [eax+edi]          	EDX=0060FF50                            	
000011A8	.vmp0:sub_404133+730    	inc     esi                     	ESI=004048DA AF=0                       	
000011A8	.vmp0:sub_404133+731    	sub     ebp, 4                  	EBP=0060FF48 CF=0 PF=1                  	
000011A8	.vmp0:sub_404133+734    	mov     [ebp+0], edx            	                                        	
000011A8	.vmp0:sub_404133+737    	jmp     loc_404718              	                                        	
000011A8	.vmp0:sub_404133:loc_404718	lea     eax, [edi+50h]          	EAX=0060FEB0                            	
000011A8	.vmp0:sub_404133+5E8    	cmp     ebp, eax                	PF=0                                    	
000011A8	.vmp0:sub_404133+5EA    	ja      loc_404158              	                                        	
000011A8	.vmp0:sub_404133:loc_404158	mov     al, [esi]               	EAX=0060FE4F                            	
000011A8	.vmp0:sub_404133+27     	sub     esi, 0FFFFFFFFh         	ESI=004048DB CF=1 PF=1 AF=1             	
000011A8	.vmp0:sub_404133+2A     	movzx   eax, al                 	EAX=0000004F                            	
000011A8	.vmp0:sub_404133+2D     	jmp     ds:off_4041FC[eax*4]    	                                        	
000011A8	.vmp0:sub_404133:loc_4046E6	mov     eax, [ebp+0]            	EAX=0060FF50                            	
000011A8	.vmp0:sub_404133+5B6    	add     [ebp+4], eax            	CF=0 AF=0                               	
000011A8	.vmp0:sub_404133+5B9    	pushf                           	ESP=0060FE5C                            	
000011A8	.vmp0:sub_404133+5BA    	pop     dword ptr [ebp+0]       	ESP=0060FE60                            	
000011A8	.vmp0:sub_404133+5BD    	jmp     loc_404158              	                                        	
000011A8	.vmp0:sub_404133:loc_404158	mov     al, [esi]               	EAX=0060FFF4                            	
000011A8	.vmp0:sub_404133+27     	sub     esi, 0FFFFFFFFh         	ESI=004048DC CF=1 PF=0 AF=1             	
000011A8	.vmp0:sub_404133+2A     	movzx   eax, al                 	EAX=000000F4                            	
000011A8	.vmp0:sub_404133+2D     	jmp     ds:off_4041FC[eax*4]    	                                        	
000011A8	.vmp0:sub_404133:loc_4046F5	mov     al, [esi]               	EAX=00000018                            	
000011A8	.vmp0:sub_404133+5C4    	mov     edx, [ebp+0]            	EDX=00000306                            	
000011A8	.vmp0:sub_404133+5C7    	add     ebp, 4                  	EBP=0060FF4C CF=0 AF=0                  	
000011A8	.vmp0:sub_404133+5CA    	mov     [eax+edi], edx          	                                        	
000011A8	.vmp0:sub_404133+5CD    	add     esi, 1                  	ESI=004048DD PF=1                       	
000011A8	.vmp0:sub_404133+5D0    	jmp     loc_404158              	                                        	
000011A8	.vmp0:sub_404133:loc_404158	mov     al, [esi]               	EAX=0000001E                            	
000011A8	.vmp0:sub_404133+27     	sub     esi, 0FFFFFFFFh         	ESI=004048DE CF=1 AF=1                  	
000011A8	.vmp0:sub_404133+2A     	movzx   eax, al                 	                                        	
000011A8	.vmp0:sub_404133+2D     	jmp     ds:off_4041FC[eax*4]    	                                        	
000011A8	.vmp0:sub_404133:loc_4045FC	mov     eax, [ebp+0]            	EAX=0060FF5C                            	
000011A8	.vmp0:sub_404133+4CC    	mov     eax, ss:[eax]           	EAX=000BABE5                            	
000011A8	.vmp0:sub_404133+4CF    	mov     [ebp+0], eax            	                                        	
000011A8	.vmp0:sub_404133+4D2    	jmp     loc_404158              	                                        	
000011A8	.vmp0:sub_404133:loc_404158	mov     al, [esi]               	EAX=000BAB42                            	
000011A8	.vmp0:sub_404133+27     	sub     esi, 0FFFFFFFFh         	ESI=004048DF PF=0                       	
000011A8	.vmp0:sub_404133+2A     	movzx   eax, al                 	EAX=00000042                            	
000011A8	.vmp0:sub_404133+2D     	jmp     ds:off_4041FC[eax*4]    	                                        	
000011A8	.vmp0:sub_404133:loc_40485E	mov     al, [esi]               	EAX=00000030                            	
000011A8	.vmp0:sub_404133+72D    	mov     edx, [eax+edi]          	EDX=000AFFE1                            	
000011A8	.vmp0:sub_404133+730    	inc     esi                     	ESI=004048E0                            	
000011A8	.vmp0:sub_404133+731    	sub     ebp, 4                  	EBP=0060FF48 CF=0 PF=1 AF=0             	
000011A8	.vmp0:sub_404133+734    	mov     [ebp+0], edx            	                                        	
000011A8	.vmp0:sub_404133+737    	jmp     loc_404718              	                                        	
000011A8	.vmp0:sub_404133:loc_404718	lea     eax, [edi+50h]          	EAX=0060FEB0                            	
000011A8	.vmp0:sub_404133+5E8    	cmp     ebp, eax                	PF=0                                    	
000011A8	.vmp0:sub_404133+5EA    	ja      loc_404158              	                                        	
000011A8	.vmp0:sub_404133:loc_404158	mov     al, [esi]               	EAX=0060FE15                            	
000011A8	.vmp0:sub_404133+27     	sub     esi, 0FFFFFFFFh         	ESI=004048E1 CF=1 PF=1 AF=1             	
000011A8	.vmp0:sub_404133+2A     	movzx   eax, al                 	EAX=00000015                            	
000011A8	.vmp0:sub_404133+2D     	jmp     ds:off_4041FC[eax*4]    	                                        	
000011A8	.vmp0:sub_404133:loc_404199	mov     eax, ebp                	EAX=0060FF48                            	
000011A8	.vmp0:sub_404133+68     	sub     ebp, 4                  	EBP=0060FF44 CF=0 AF=0                  	
000011A8	.vmp0:sub_404133+6B     	mov     [ebp+0], eax            	                                        	
000011A8	.vmp0:sub_404133+6E     	jmp     loc_404718              	                                        	
000011A8	.vmp0:sub_404133:loc_404718	lea     eax, [edi+50h]          	EAX=0060FEB0                            	
000011A8	.vmp0:sub_404133+5E8    	cmp     ebp, eax                	PF=0                                    	
000011A8	.vmp0:sub_404133+5EA    	ja      loc_404158              	                                        	
000011A8	.vmp0:sub_404133:loc_404158	mov     al, [esi]               	EAX=0060FE63                            	
000011A8	.vmp0:sub_404133+27     	sub     esi, 0FFFFFFFFh         	ESI=004048E2 CF=1 PF=1 AF=1             	
000011A8	.vmp0:sub_404133+2A     	movzx   eax, al                 	EAX=00000063                            	
000011A8	.vmp0:sub_404133+2D     	jmp     ds:off_4041FC[eax*4]    	                                        	
000011A8	.vmp0:sub_404133:loc_4045FC	mov     eax, [ebp+0]            	EAX=0060FF48                            	
000011A8	.vmp0:sub_404133+4CC    	mov     eax, ss:[eax]           	EAX=000AFFE1                            	
000011A8	.vmp0:sub_404133+4CF    	mov     [ebp+0], eax            	                                        	
000011A8	.vmp0:sub_404133+4D2    	jmp     loc_404158              	                                        	
000011A8	.vmp0:sub_404133:loc_404158	mov     al, [esi]               	EAX=000AFF04                            	
000011A8	.vmp0:sub_404133+27     	sub     esi, 0FFFFFFFFh         	ESI=004048E3 PF=0                       	
000011A8	.vmp0:sub_404133+2A     	movzx   eax, al                 	EAX=00000004                            	
000011A8	.vmp0:sub_404133+2D     	jmp     ds:off_4041FC[eax*4]    	                                        	
000011A8	.vmp0:sub_404133:loc_404100	mov     eax, [ebp+0]            	EAX=000AFFE1                            	
000011A8	.vmp0:sub_404133-30     	mov     edx, [ebp+4]            	                                        	
000011A8	.vmp0:sub_404133-2D     	not     eax                     	EAX=FFF5001E                            	
000011A8	.vmp0:sub_404133-2B     	not     edx                     	EDX=FFF5001E                            	
000011A8	.vmp0:sub_404133-29     	and     eax, edx                	CF=0 PF=1 AF=0 SF=1                     	
000011A8	.vmp0:sub_404133-27     	mov     [ebp+4], eax            	                                        	
000011A8	.vmp0:sub_404133-24     	pushf                           	ESP=0060FE5C                            	
000011A8	.vmp0:sub_404133-23     	pop     dword ptr [ebp+0]       	ESP=0060FE60                            	
000011A8	.vmp0:sub_404133-20     	jmp     loc_404158              	                                        	
000011A8	.vmp0:sub_404133:loc_404158	mov     al, [esi]               	EAX=FFF50067                            	
000011A8	.vmp0:sub_404133+27     	sub     esi, 0FFFFFFFFh         	ESI=004048E4 CF=1 AF=1 SF=0             	
000011A8	.vmp0:sub_404133+2A     	movzx   eax, al                 	EAX=00000067                            	
000011A8	.vmp0:sub_404133+2D     	jmp     ds:off_4041FC[eax*4]    	                                        	
000011A8	.vmp0:sub_404133:loc_4046F5	mov     al, [esi]               	EAX=00000024                            	
000011A8	.vmp0:sub_404133+5C4    	mov     edx, [ebp+0]            	EDX=00000386                            	
000011A8	.vmp0:sub_404133+5C7    	add     ebp, 4                  	EBP=0060FF48 CF=0 AF=0                  	
000011A8	.vmp0:sub_404133+5CA    	mov     [eax+edi], edx          	                                        	
000011A8	.vmp0:sub_404133+5CD    	add     esi, 1                  	ESI=004048E5 PF=0                       	
000011A8	.vmp0:sub_404133+5D0    	jmp     loc_404158              	                                        	
000011A8	.vmp0:sub_404133:loc_404158	mov     al, [esi]               	EAX=00000002                            	
000011A8	.vmp0:sub_404133+27     	sub     esi, 0FFFFFFFFh         	ESI=004048E6 CF=1 AF=1                  	
000011A8	.vmp0:sub_404133+2A     	movzx   eax, al                 	                                        	
000011A8	.vmp0:sub_404133+2D     	jmp     ds:off_4041FC[eax*4]    	                                        	
000011A8	.vmp0:sub_404133:loc_4046E6	mov     eax, [ebp+0]            	EAX=FFF5001E                            	
000011A8	.vmp0:sub_404133+5B6    	add     [ebp+4], eax            	PF=1                                    	
000011A8	.vmp0:sub_404133+5B9    	pushf                           	ESP=0060FE5C                            	
000011A8	.vmp0:sub_404133+5BA    	pop     dword ptr [ebp+0]       	ESP=0060FE60                            	
000011A8	.vmp0:sub_404133+5BD    	jmp     loc_404158              	                                        	
000011A8	.vmp0:sub_404133:loc_404158	mov     al, [esi]               	EAX=FFF50029                            	
000011A8	.vmp0:sub_404133+27     	sub     esi, 0FFFFFFFFh         	ESI=004048E7                            	
000011A8	.vmp0:sub_404133+2A     	movzx   eax, al                 	EAX=00000029                            	
000011A8	.vmp0:sub_404133+2D     	jmp     ds:off_4041FC[eax*4]    	                                        	
000011A8	.vmp0:sub_404133:loc_4046F5	mov     al, [esi]               	EAX=00000024                            	
000011A8	.vmp0:sub_404133+5C4    	mov     edx, [ebp+0]            	EDX=00000317                            	
000011A8	.vmp0:sub_404133+5C7    	add     ebp, 4                  	EBP=0060FF4C CF=0 PF=0 AF=0             	
000011A8	.vmp0:sub_404133+5CA    	mov     [eax+edi], edx          	                                        	
000011A8	.vmp0:sub_404133+5CD    	add     esi, 1                  	ESI=004048E8 PF=1                       	
000011A8	.vmp0:sub_404133+5D0    	jmp     loc_404158              	                                        	
000011A8	.vmp0:sub_404133:loc_404158	mov     al, [esi]               	EAX=00000015                            	
000011A8	.vmp0:sub_404133+27     	sub     esi, 0FFFFFFFFh         	ESI=004048E9 CF=1 PF=0 AF=1             	
000011A8	.vmp0:sub_404133+2A     	movzx   eax, al                 	                                        	
000011A8	.vmp0:sub_404133+2D     	jmp     ds:off_4041FC[eax*4]    	                                        	
000011A8	.vmp0:sub_404133:loc_404199	mov     eax, ebp                	EAX=0060FF4C                            	
000011A8	.vmp0:sub_404133+68     	sub     ebp, 4                  	EBP=0060FF48 CF=0 PF=1 AF=0             	
000011A8	.vmp0:sub_404133+6B     	mov     [ebp+0], eax            	                                        	
000011A8	.vmp0:sub_404133+6E     	jmp     loc_404718              	                                        	
000011A8	.vmp0:sub_404133:loc_404718	lea     eax, [edi+50h]          	EAX=0060FEB0                            	
000011A8	.vmp0:sub_404133+5E8    	cmp     ebp, eax                	PF=0                                    	
000011A8	.vmp0:sub_404133+5EA    	ja      loc_404158              	                                        	
000011A8	.vmp0:sub_404133:loc_404158	mov     al, [esi]               	EAX=0060FE63                            	
000011A8	.vmp0:sub_404133+27     	sub     esi, 0FFFFFFFFh         	ESI=004048EA CF=1 AF=1                  	
000011A8	.vmp0:sub_404133+2A     	movzx   eax, al                 	EAX=00000063                            	
000011A8	.vmp0:sub_404133+2D     	jmp     ds:off_4041FC[eax*4]    	                                        	
000011A8	.vmp0:sub_404133:loc_4045FC	mov     eax, [ebp+0]            	EAX=0060FF4C                            	
000011A8	.vmp0:sub_404133+4CC    	mov     eax, ss:[eax]           	EAX=0000AC03                            	
000011A8	.vmp0:sub_404133+4CF    	mov     [ebp+0], eax            	                                        	
000011A8	.vmp0:sub_404133+4D2    	jmp     loc_404158              	                                        	
000011A8	.vmp0:sub_404133:loc_404158	mov     al, [esi]               	EAX=0000AC04                            	
000011A8	.vmp0:sub_404133+27     	sub     esi, 0FFFFFFFFh         	ESI=004048EB PF=1                       	
000011A8	.vmp0:sub_404133+2A     	movzx   eax, al                 	EAX=00000004                            	
000011A8	.vmp0:sub_404133+2D     	jmp     ds:off_4041FC[eax*4]    	                                        	
000011A8	.vmp0:sub_404133:loc_404100	mov     eax, [ebp+0]            	EAX=0000AC03                            	
000011A8	.vmp0:sub_404133-30     	mov     edx, [ebp+4]            	EDX=0000AC03                            	
000011A8	.vmp0:sub_404133-2D     	not     eax                     	EAX=FFFF53FC                            	
000011A8	.vmp0:sub_404133-2B     	not     edx                     	EDX=FFFF53FC                            	
000011A8	.vmp0:sub_404133-29     	and     eax, edx                	CF=0 AF=0 SF=1                          	
000011A8	.vmp0:sub_404133-27     	mov     [ebp+4], eax            	                                        	
000011A8	.vmp0:sub_404133-24     	pushf                           	ESP=0060FE5C                            	
000011A8	.vmp0:sub_404133-23     	pop     dword ptr [ebp+0]       	ESP=0060FE60                            	
000011A8	.vmp0:sub_404133-20     	jmp     loc_404158              	                                        	
000011A8	.vmp0:sub_404133:loc_404158	mov     al, [esi]               	EAX=FFFF5329                            	
000011A8	.vmp0:sub_404133+27     	sub     esi, 0FFFFFFFFh         	ESI=004048EC CF=1 PF=0 AF=1 SF=0        	
000011A8	.vmp0:sub_404133+2A     	movzx   eax, al                 	EAX=00000029                            	
000011A8	.vmp0:sub_404133+2D     	jmp     ds:off_4041FC[eax*4]    	                                        	
000011A8	.vmp0:sub_404133:loc_4046F5	mov     al, [esi]               	EAX=00000004                            	
000011A8	.vmp0:sub_404133+5C4    	mov     edx, [ebp+0]            	EDX=00000386                            	
000011A8	.vmp0:sub_404133+5C7    	add     ebp, 4                  	EBP=0060FF4C CF=0 AF=0                  	
000011A8	.vmp0:sub_404133+5CA    	mov     [eax+edi], edx          	                                        	
000011A8	.vmp0:sub_404133+5CD    	add     esi, 1                  	ESI=004048ED PF=1                       	
000011A8	.vmp0:sub_404133+5D0    	jmp     loc_404158              	                                        	
000011A8	.vmp0:sub_404133:loc_404158	mov     al, [esi]               	EAX=000000A9                            	
000011A8	.vmp0:sub_404133+27     	sub     esi, 0FFFFFFFFh         	ESI=004048EE CF=1 AF=1                  	
000011A8	.vmp0:sub_404133+2A     	movzx   eax, al                 	                                        	
000011A8	.vmp0:sub_404133+2D     	jmp     ds:off_4041FC[eax*4]    	                                        	
000011A8	.vmp0:sub_404133:loc_4046F5	mov     al, [esi]               	EAX=0000003C                            	
000011A8	.vmp0:sub_404133+5C4    	mov     edx, [ebp+0]            	EDX=FFFF53FC                            	
000011A8	.vmp0:sub_404133+5C7    	add     ebp, 4                  	EBP=0060FF50 CF=0                       	
000011A8	.vmp0:sub_404133+5CA    	mov     [eax+edi], edx          	                                        	
000011A8	.vmp0:sub_404133+5CD    	add     esi, 1                  	ESI=004048EF PF=0 AF=0                  	
000011A8	.vmp0:sub_404133+5D0    	jmp     loc_404158              	                                        	
000011A8	.vmp0:sub_404133:loc_404158	mov     al, [esi]               	EAX=00000028                            	
000011A8	.vmp0:sub_404133+27     	sub     esi, 0FFFFFFFFh         	ESI=004048F0 CF=1 PF=1                  	
000011A8	.vmp0:sub_404133+2A     	movzx   eax, al                 	                                        	
000011A8	.vmp0:sub_404133+2D     	jmp     ds:off_4041FC[eax*4]    	                                        	
000011A8	.vmp0:sub_404133:loc_40485E	mov     al, [esi]               	EAX=00000024                            	
000011A8	.vmp0:sub_404133+72D    	mov     edx, [eax+edi]          	EDX=00000317                            	
000011A8	.vmp0:sub_404133+730    	inc     esi                     	ESI=004048F1 PF=0                       	
000011A8	.vmp0:sub_404133+731    	sub     ebp, 4                  	EBP=0060FF4C CF=0 AF=1                  	
000011A8	.vmp0:sub_404133+734    	mov     [ebp+0], edx            	                                        	
000011A8	.vmp0:sub_404133+737    	jmp     loc_404718              	                                        	
000011A8	.vmp0:sub_404133:loc_404718	lea     eax, [edi+50h]          	EAX=0060FEB0                            	
000011A8	.vmp0:sub_404133+5E8    	cmp     ebp, eax                	PF=1 AF=0                               	
000011A8	.vmp0:sub_404133+5EA    	ja      loc_404158              	                                        	
000011A8	.vmp0:sub_404133:loc_404158	mov     al, [esi]               	EAX=0060FE42                            	
000011A8	.vmp0:sub_404133+27     	sub     esi, 0FFFFFFFFh         	ESI=004048F2 CF=1 PF=0 AF=1             	
000011A8	.vmp0:sub_404133+2A     	movzx   eax, al                 	EAX=00000042                            	
000011A8	.vmp0:sub_404133+2D     	jmp     ds:off_4041FC[eax*4]    	                                        	
000011A8	.vmp0:sub_404133:loc_40485E	mov     al, [esi]               	EAX=00000024                            	
000011A8	.vmp0:sub_404133+72D    	mov     edx, [eax+edi]          	                                        	
000011A8	.vmp0:sub_404133+730    	inc     esi                     	ESI=004048F3 PF=1 AF=0                  	
000011A8	.vmp0:sub_404133+731    	sub     ebp, 4                  	EBP=0060FF48 CF=0                       	
000011A8	.vmp0:sub_404133+734    	mov     [ebp+0], edx            	                                        	
000011A8	.vmp0:sub_404133+737    	jmp     loc_404718              	                                        	
000011A8	.vmp0:sub_404133:loc_404718	lea     eax, [edi+50h]          	EAX=0060FEB0                            	
000011A8	.vmp0:sub_404133+5E8    	cmp     ebp, eax                	PF=0                                    	
000011A8	.vmp0:sub_404133+5EA    	ja      loc_404158              	                                        	
000011A8	.vmp0:sub_404133:loc_404158	mov     al, [esi]               	EAX=0060FE04                            	
000011A8	.vmp0:sub_404133+27     	sub     esi, 0FFFFFFFFh         	ESI=004048F4 CF=1 AF=1                  	
000011A8	.vmp0:sub_404133+2A     	movzx   eax, al                 	EAX=00000004                            	
000011A8	.vmp0:sub_404133+2D     	jmp     ds:off_4041FC[eax*4]    	                                        	
000011A8	.vmp0:sub_404133:loc_404100	mov     eax, [ebp+0]            	EAX=00000317                            	
000011A8	.vmp0:sub_404133-30     	mov     edx, [ebp+4]            	                                        	
000011A8	.vmp0:sub_404133-2D     	not     eax                     	EAX=FFFFFCE8                            	
000011A8	.vmp0:sub_404133-2B     	not     edx                     	EDX=FFFFFCE8                            	
000011A8	.vmp0:sub_404133-29     	and     eax, edx                	CF=0 PF=1 AF=0 SF=1                     	
000011A8	.vmp0:sub_404133-27     	mov     [ebp+4], eax            	                                        	
000011A8	.vmp0:sub_404133-24     	pushf                           	ESP=0060FE5C                            	
000011A8	.vmp0:sub_404133-23     	pop     dword ptr [ebp+0]       	ESP=0060FE60                            	
000011A8	.vmp0:sub_404133-20     	jmp     loc_404158              	                                        	
000011A8	.vmp0:sub_404133:loc_404158	mov     al, [esi]               	EAX=FFFFFC67                            	
000011A8	.vmp0:sub_404133+27     	sub     esi, 0FFFFFFFFh         	ESI=004048F5 CF=1 AF=1 SF=0             	
000011A8	.vmp0:sub_404133+2A     	movzx   eax, al                 	EAX=00000067                            	
000011A8	.vmp0:sub_404133+2D     	jmp     ds:off_4041FC[eax*4]    	                                        	
000011A8	.vmp0:sub_404133:loc_4046F5	mov     al, [esi]               	EAX=0000001C                            	
000011A8	.vmp0:sub_404133+5C4    	mov     edx, [ebp+0]            	EDX=00000386                            	
000011A8	.vmp0:sub_404133+5C7    	add     ebp, 4                  	EBP=0060FF4C CF=0 PF=0 AF=0             	
000011A8	.vmp0:sub_404133+5CA    	mov     [eax+edi], edx          	                                        	
000011A8	.vmp0:sub_404133+5CD    	add     esi, 1                  	ESI=004048F6 PF=1                       	
000011A8	.vmp0:sub_404133+5D0    	jmp     loc_404158              	                                        	
000011A8	.vmp0:sub_404133:loc_404158	mov     al, [esi]               	EAX=0000000D                            	
000011A8	.vmp0:sub_404133+27     	sub     esi, 0FFFFFFFFh         	ESI=004048F7 CF=1 PF=0 AF=1             	
000011A8	.vmp0:sub_404133+2A     	movzx   eax, al                 	                                        	
000011A8	.vmp0:sub_404133+2D     	jmp     ds:off_4041FC[eax*4]    	                                        	
000011A8	.vmp0:sub_404133:loc_40461D	movzx   ax, word ptr [esi]      	EAX=0000F7EA                            	
000011A8	.vmp0:sub_404133+4EE    	cwde                            	EAX=FFFFF7EA                            	
000011A8	.vmp0:sub_404133+4EF    	sub     ebp, 4                  	EBP=0060FF48 CF=0 PF=1 AF=0             	
000011A8	.vmp0:sub_404133+4F2    	mov     [ebp+0], eax            	                                        	
000011A8	.vmp0:sub_404133+4F5    	sub     esi, 0FFFFFFFEh         	ESI=004048F9 CF=1 AF=1                  	
000011A8	.vmp0:sub_404133+4F8    	jmp     loc_404718              	                                        	
000011A8	.vmp0:sub_404133:loc_404718	lea     eax, [edi+50h]          	EAX=0060FEB0                            	
000011A8	.vmp0:sub_404133+5E8    	cmp     ebp, eax                	CF=0 PF=0 AF=0                          	
000011A8	.vmp0:sub_404133+5EA    	ja      loc_404158              	                                        	
000011A8	.vmp0:sub_404133:loc_404158	mov     al, [esi]               	EAX=0060FE04                            	
000011A8	.vmp0:sub_404133+27     	sub     esi, 0FFFFFFFFh         	ESI=004048FA CF=1 PF=1 AF=1             	
000011A8	.vmp0:sub_404133+2A     	movzx   eax, al                 	EAX=00000004                            	
000011A8	.vmp0:sub_404133+2D     	jmp     ds:off_4041FC[eax*4]    	                                        	
000011A8	.vmp0:sub_404133:loc_404100	mov     eax, [ebp+0]            	EAX=FFFFF7EA                            	
000011A8	.vmp0:sub_404133-30     	mov     edx, [ebp+4]            	EDX=FFFFFCE8                            	
000011A8	.vmp0:sub_404133-2D     	not     eax                     	EAX=00000815                            	
000011A8	.vmp0:sub_404133-2B     	not     edx                     	EDX=00000317                            	
000011A8	.vmp0:sub_404133-29     	and     eax, edx                	EAX=00000015 CF=0 PF=0 AF=0             	
000011A8	.vmp0:sub_404133-27     	mov     [ebp+4], eax            	                                        	
000011A8	.vmp0:sub_404133-24     	pushf                           	ESP=0060FE5C                            	
000011A8	.vmp0:sub_404133-23     	pop     dword ptr [ebp+0]       	ESP=0060FE60                            	
000011A8	.vmp0:sub_404133-20     	jmp     loc_404158              	                                        	
000011A8	.vmp0:sub_404133:loc_404158	mov     al, [esi]               	EAX=00000029                            	
000011A8	.vmp0:sub_404133+27     	sub     esi, 0FFFFFFFFh         	ESI=004048FB CF=1 AF=1                  	
000011A8	.vmp0:sub_404133+2A     	movzx   eax, al                 	                                        	
000011A8	.vmp0:sub_404133+2D     	jmp     ds:off_4041FC[eax*4]    	                                        	
000011A8	.vmp0:sub_404133:loc_4046F5	mov     al, [esi]               	EAX=00000038                            	
000011A8	.vmp0:sub_404133+5C4    	mov     edx, [ebp+0]            	EDX=00000302                            	
000011A8	.vmp0:sub_404133+5C7    	add     ebp, 4                  	EBP=0060FF4C CF=0 AF=0                  	
000011A8	.vmp0:sub_404133+5CA    	mov     [eax+edi], edx          	                                        	
000011A8	.vmp0:sub_404133+5CD    	add     esi, 1                  	ESI=004048FC PF=1                       	
000011A8	.vmp0:sub_404133+5D0    	jmp     loc_404158              	                                        	
000011A8	.vmp0:sub_404133:loc_404158	mov     al, [esi]               	EAX=00000042                            	
000011A8	.vmp0:sub_404133+27     	sub     esi, 0FFFFFFFFh         	ESI=004048FD CF=1 PF=0 AF=1             	
000011A8	.vmp0:sub_404133+2A     	movzx   eax, al                 	                                        	
000011A8	.vmp0:sub_404133+2D     	jmp     ds:off_4041FC[eax*4]    	                                        	
000011A8	.vmp0:sub_404133:loc_40485E	mov     al, [esi]               	EAX=00000004                            	
000011A8	.vmp0:sub_404133+72D    	mov     edx, [eax+edi]          	EDX=00000386                            	
000011A8	.vmp0:sub_404133+730    	inc     esi                     	ESI=004048FE AF=0                       	
000011A8	.vmp0:sub_404133+731    	sub     ebp, 4                  	EBP=0060FF48 CF=0 PF=1                  	
000011A8	.vmp0:sub_404133+734    	mov     [ebp+0], edx            	                                        	
000011A8	.vmp0:sub_404133+737    	jmp     loc_404718              	                                        	
000011A8	.vmp0:sub_404133:loc_404718	lea     eax, [edi+50h]          	EAX=0060FEB0                            	
000011A8	.vmp0:sub_404133+5E8    	cmp     ebp, eax                	PF=0                                    	
000011A8	.vmp0:sub_404133+5EA    	ja      loc_404158              	                                        	
000011A8	.vmp0:sub_404133:loc_404158	mov     al, [esi]               	EAX=0060FE42                            	
000011A8	.vmp0:sub_404133+27     	sub     esi, 0FFFFFFFFh         	ESI=004048FF CF=1 PF=1 AF=1             	
000011A8	.vmp0:sub_404133+2A     	movzx   eax, al                 	EAX=00000042                            	
000011A8	.vmp0:sub_404133+2D     	jmp     ds:off_4041FC[eax*4]    	                                        	
000011A8	.vmp0:sub_404133:loc_40485E	mov     al, [esi]               	EAX=00000004                            	
000011A8	.vmp0:sub_404133+72D    	mov     edx, [eax+edi]          	                                        	
000011A8	.vmp0:sub_404133+730    	inc     esi                     	ESI=00404900                            	
000011A8	.vmp0:sub_404133+731    	sub     ebp, 4                  	EBP=0060FF44 CF=0 AF=0                  	
000011A8	.vmp0:sub_404133+734    	mov     [ebp+0], edx            	                                        	
000011A8	.vmp0:sub_404133+737    	jmp     loc_404718              	                                        	
000011A8	.vmp0:sub_404133:loc_404718	lea     eax, [edi+50h]          	EAX=0060FEB0                            	
000011A8	.vmp0:sub_404133+5E8    	cmp     ebp, eax                	PF=0                                    	
000011A8	.vmp0:sub_404133+5EA    	ja      loc_404158              	                                        	
000011A8	.vmp0:sub_404133:loc_404158	mov     al, [esi]               	EAX=0060FE3E                            	
000011A8	.vmp0:sub_404133+27     	sub     esi, 0FFFFFFFFh         	ESI=00404901 CF=1 AF=1                  	
000011A8	.vmp0:sub_404133+2A     	movzx   eax, al                 	EAX=0000003E                            	
000011A8	.vmp0:sub_404133+2D     	jmp     ds:off_4041FC[eax*4]    	                                        	
000011A8	.vmp0:sub_404133:loc_404100	mov     eax, [ebp+0]            	EAX=00000386                            	
000011A8	.vmp0:sub_404133-30     	mov     edx, [ebp+4]            	                                        	
000011A8	.vmp0:sub_404133-2D     	not     eax                     	EAX=FFFFFC79                            	
000011A8	.vmp0:sub_404133-2B     	not     edx                     	EDX=FFFFFC79                            	
000011A8	.vmp0:sub_404133-29     	and     eax, edx                	CF=0 AF=0 SF=1                          	
000011A8	.vmp0:sub_404133-27     	mov     [ebp+4], eax            	                                        	
000011A8	.vmp0:sub_404133-24     	pushf                           	ESP=0060FE5C                            	
000011A8	.vmp0:sub_404133-23     	pop     dword ptr [ebp+0]       	ESP=0060FE60                            	
000011A8	.vmp0:sub_404133-20     	jmp     loc_404158              	                                        	
000011A8	.vmp0:sub_404133:loc_404158	mov     al, [esi]               	EAX=FFFFFCA9                            	
000011A8	.vmp0:sub_404133+27     	sub     esi, 0FFFFFFFFh         	ESI=00404902 CF=1 AF=1 SF=0             	
000011A8	.vmp0:sub_404133+2A     	movzx   eax, al                 	EAX=000000A9                            	
000011A8	.vmp0:sub_404133+2D     	jmp     ds:off_4041FC[eax*4]    	                                        	
000011A8	.vmp0:sub_404133:loc_4046F5	mov     al, [esi]               	EAX=00000030                            	
000011A8	.vmp0:sub_404133+5C4    	mov     edx, [ebp+0]            	EDX=00000382                            	
000011A8	.vmp0:sub_404133+5C7    	add     ebp, 4                  	EBP=0060FF48 CF=0 PF=1 AF=0             	
000011A8	.vmp0:sub_404133+5CA    	mov     [eax+edi], edx          	                                        	
000011A8	.vmp0:sub_404133+5CD    	add     esi, 1                  	ESI=00404903                            	
000011A8	.vmp0:sub_404133+5D0    	jmp     loc_404158              	                                        	
000011A8	.vmp0:sub_404133:loc_404158	mov     al, [esi]               	EAX=00000003                            	
000011A8	.vmp0:sub_404133+27     	sub     esi, 0FFFFFFFFh         	ESI=00404904 CF=1 PF=0 AF=1             	
000011A8	.vmp0:sub_404133+2A     	movzx   eax, al                 	                                        	
000011A8	.vmp0:sub_404133+2D     	jmp     ds:off_4041FC[eax*4]    	                                        	
000011A8	.vmp0:sub_404133:loc_40461D	movzx   ax, word ptr [esi]      	EAX=00000815                            	
000011A8	.vmp0:sub_404133+4EE    	cwde                            	                                        	
000011A8	.vmp0:sub_404133+4EF    	sub     ebp, 4                  	EBP=0060FF44 CF=0 PF=1 AF=0             	
000011A8	.vmp0:sub_404133+4F2    	mov     [ebp+0], eax            	                                        	
000011A8	.vmp0:sub_404133+4F5    	sub     esi, 0FFFFFFFEh         	ESI=00404906 CF=1 AF=1                  	
000011A8	.vmp0:sub_404133+4F8    	jmp     loc_404718              	                                        	
000011A8	.vmp0:sub_404133:loc_404718	lea     eax, [edi+50h]          	EAX=0060FEB0                            	
000011A8	.vmp0:sub_404133+5E8    	cmp     ebp, eax                	CF=0 PF=0 AF=0                          	
000011A8	.vmp0:sub_404133+5EA    	ja      loc_404158              	                                        	
000011A8	.vmp0:sub_404133:loc_404158	mov     al, [esi]               	EAX=0060FE92                            	
000011A8	.vmp0:sub_404133+27     	sub     esi, 0FFFFFFFFh         	ESI=00404907 CF=1 AF=1                  	
000011A8	.vmp0:sub_404133+2A     	movzx   eax, al                 	EAX=00000092                            	
000011A8	.vmp0:sub_404133+2D     	jmp     ds:off_4041FC[eax*4]    	                                        	
000011A8	.vmp0:sub_404133:loc_404100	mov     eax, [ebp+0]            	EAX=00000815                            	
000011A8	.vmp0:sub_404133-30     	mov     edx, [ebp+4]            	EDX=FFFFFC79                            	
000011A8	.vmp0:sub_404133-2D     	not     eax                     	EAX=FFFFF7EA                            	
000011A8	.vmp0:sub_404133-2B     	not     edx                     	EDX=00000386                            	
000011A8	.vmp0:sub_404133-29     	and     eax, edx                	EAX=00000382 CF=0 PF=1 AF=0             	
000011A8	.vmp0:sub_404133-27     	mov     [ebp+4], eax            	                                        	
000011A8	.vmp0:sub_404133-24     	pushf                           	ESP=0060FE5C                            	
000011A8	.vmp0:sub_404133-23     	pop     dword ptr [ebp+0]       	ESP=0060FE60                            	
000011A8	.vmp0:sub_404133-20     	jmp     loc_404158              	                                        	
000011A8	.vmp0:sub_404133:loc_404158	mov     al, [esi]               	EAX=00000329                            	
000011A8	.vmp0:sub_404133+27     	sub     esi, 0FFFFFFFFh         	ESI=00404908 CF=1 PF=0 AF=1             	
000011A8	.vmp0:sub_404133+2A     	movzx   eax, al                 	EAX=00000029                            	
000011A8	.vmp0:sub_404133+2D     	jmp     ds:off_4041FC[eax*4]    	                                        	
000011A8	.vmp0:sub_404133:loc_4046F5	mov     al, [esi]               	EAX=00000038                            	
000011A8	.vmp0:sub_404133+5C4    	mov     edx, [ebp+0]            	EDX=00000306                            	
000011A8	.vmp0:sub_404133+5C7    	add     ebp, 4                  	EBP=0060FF48 CF=0 PF=1 AF=0             	
000011A8	.vmp0:sub_404133+5CA    	mov     [eax+edi], edx          	                                        	
000011A8	.vmp0:sub_404133+5CD    	add     esi, 1                  	ESI=00404909                            	
000011A8	.vmp0:sub_404133+5D0    	jmp     loc_404158              	                                        	
000011A8	.vmp0:sub_404133:loc_404158	mov     al, [esi]               	EAX=0000004F                            	
000011A8	.vmp0:sub_404133+27     	sub     esi, 0FFFFFFFFh         	ESI=0040490A CF=1 AF=1                  	
000011A8	.vmp0:sub_404133+2A     	movzx   eax, al                 	                                        	
000011A8	.vmp0:sub_404133+2D     	jmp     ds:off_4041FC[eax*4]    	                                        	
000011A8	.vmp0:sub_404133:loc_4046E6	mov     eax, [ebp+0]            	EAX=00000382                            	
000011A8	.vmp0:sub_404133+5B6    	add     [ebp+4], eax            	CF=0 PF=0 AF=0                          	
000011A8	.vmp0:sub_404133+5B9    	pushf                           	ESP=0060FE5C                            	
000011A8	.vmp0:sub_404133+5BA    	pop     dword ptr [ebp+0]       	ESP=0060FE60                            	
000011A8	.vmp0:sub_404133+5BD    	jmp     loc_404158              	                                        	
000011A8	.vmp0:sub_404133:loc_404158	mov     al, [esi]               	EAX=00000329                            	
000011A8	.vmp0:sub_404133+27     	sub     esi, 0FFFFFFFFh         	ESI=0040490B CF=1 AF=1                  	
000011A8	.vmp0:sub_404133+2A     	movzx   eax, al                 	EAX=00000029                            	
000011A8	.vmp0:sub_404133+2D     	jmp     ds:off_4041FC[eax*4]    	                                        	
000011A8	.vmp0:sub_404133:loc_4046F5	mov     al, [esi]               	EAX=0000001C                            	
000011A8	.vmp0:sub_404133+5C4    	mov     edx, [ebp+0]            	EDX=00000302                            	
000011A8	.vmp0:sub_404133+5C7    	add     ebp, 4                  	EBP=0060FF4C CF=0 AF=0                  	
000011A8	.vmp0:sub_404133+5CA    	mov     [eax+edi], edx          	                                        	
000011A8	.vmp0:sub_404133+5CD    	add     esi, 1                  	ESI=0040490C PF=1                       	
000011A8	.vmp0:sub_404133+5D0    	jmp     loc_404158              	                                        	
000011A8	.vmp0:sub_404133:loc_404158	mov     al, [esi]               	EAX=00000067                            	
000011A8	.vmp0:sub_404133+27     	sub     esi, 0FFFFFFFFh         	ESI=0040490D CF=1 PF=0 AF=1             	
000011A8	.vmp0:sub_404133+2A     	movzx   eax, al                 	                                        	
000011A8	.vmp0:sub_404133+2D     	jmp     ds:off_4041FC[eax*4]    	                                        	
000011A8	.vmp0:sub_404133:loc_4046F5	mov     al, [esi]               	EAX=00000034                            	
000011A8	.vmp0:sub_404133+5C4    	mov     edx, [ebp+0]            	EDX=00000397                            	
000011A8	.vmp0:sub_404133+5C7    	add     ebp, 4                  	EBP=0060FF50 CF=0 PF=1                  	
000011A8	.vmp0:sub_404133+5CA    	mov     [eax+edi], edx          	                                        	
000011A8	.vmp0:sub_404133+5CD    	add     esi, 1                  	ESI=0040490E PF=0 AF=0                  	
000011A8	.vmp0:sub_404133+5D0    	jmp     loc_404158              	                                        	
000011A8	.vmp0:sub_404133:loc_404158	mov     al, [esi]               	EAX=00000067                            	
000011A8	.vmp0:sub_404133+27     	sub     esi, 0FFFFFFFFh         	ESI=0040490F CF=1 PF=1 AF=1             	
000011A8	.vmp0:sub_404133+2A     	movzx   eax, al                 	                                        	
000011A8	.vmp0:sub_404133+2D     	jmp     ds:off_4041FC[eax*4]    	                                        	
000011A8	.vmp0:sub_404133:loc_4046F5	mov     al, [esi]               	EAX=00000024                            	
000011A8	.vmp0:sub_404133+5C4    	mov     edx, [ebp+0]            	EDX=0060FF80                            	
000011A8	.vmp0:sub_404133+5C7    	add     ebp, 4                  	EBP=0060FF54 CF=0 PF=0 AF=0             	
000011A8	.vmp0:sub_404133+5CA    	mov     [eax+edi], edx          	                                        	
000011A8	.vmp0:sub_404133+5CD    	add     esi, 1                  	ESI=00404910 AF=1                       	
000011A8	.vmp0:sub_404133+5D0    	jmp     loc_404158              	                                        	
000011A8	.vmp0:sub_404133:loc_404158	mov     al, [esi]               	EAX=000000EF                            	
000011A8	.vmp0:sub_404133+27     	sub     esi, 0FFFFFFFFh         	ESI=00404911 CF=1 PF=1                  	
000011A8	.vmp0:sub_404133+2A     	movzx   eax, al                 	                                        	
000011A8	.vmp0:sub_404133+2D     	jmp     ds:off_4041FC[eax*4]    	                                        	
000011A8	.vmp0:sub_404133:loc_40485E	mov     al, [esi]               	EAX=0000000C                            	
000011A8	.vmp0:sub_404133+72D    	mov     edx, [eax+edi]          	EDX=0040100B                            	
000011A8	.vmp0:sub_404133+730    	inc     esi                     	ESI=00404912 AF=0                       	
000011A8	.vmp0:sub_404133+731    	sub     ebp, 4                  	EBP=0060FF50 CF=0                       	
000011A8	.vmp0:sub_404133+734    	mov     [ebp+0], edx            	                                        	
000011A8	.vmp0:sub_404133+737    	jmp     loc_404718              	                                        	
000011A8	.vmp0:sub_404133:loc_404718	lea     eax, [edi+50h]          	EAX=0060FEB0                            	
000011A8	.vmp0:sub_404133+5E8    	cmp     ebp, eax                	                                        	
000011A8	.vmp0:sub_404133+5EA    	ja      loc_404158              	                                        	
000011A8	.vmp0:sub_404133:loc_404158	mov     al, [esi]               	EAX=0060FE28                            	
000011A8	.vmp0:sub_404133+27     	sub     esi, 0FFFFFFFFh         	ESI=00404913 CF=1 PF=0 AF=1             	
000011A8	.vmp0:sub_404133+2A     	movzx   eax, al                 	EAX=00000028                            	
000011A8	.vmp0:sub_404133+2D     	jmp     ds:off_4041FC[eax*4]    	                                        	
000011A8	.vmp0:sub_404133:loc_40485E	mov     al, [esi]               	EAX=00000014                            	
000011A8	.vmp0:sub_404133+72D    	mov     edx, [eax+edi]          	EDX=00000000                            	
000011A8	.vmp0:sub_404133+730    	inc     esi                     	ESI=00404914 PF=1 AF=0                  	
000011A8	.vmp0:sub_404133+731    	sub     ebp, 4                  	EBP=0060FF4C CF=0 PF=0 AF=1             	
000011A8	.vmp0:sub_404133+734    	mov     [ebp+0], edx            	                                        	
000011A8	.vmp0:sub_404133+737    	jmp     loc_404718              	                                        	
000011A8	.vmp0:sub_404133:loc_404718	lea     eax, [edi+50h]          	EAX=0060FEB0                            	
000011A8	.vmp0:sub_404133+5E8    	cmp     ebp, eax                	PF=1 AF=0                               	
000011A8	.vmp0:sub_404133+5EA    	ja      loc_404158              	                                        	
000011A8	.vmp0:sub_404133:loc_404158	mov     al, [esi]               	EAX=0060FEAF                            	
000011A8	.vmp0:sub_404133+27     	sub     esi, 0FFFFFFFFh         	ESI=00404915 CF=1 PF=0 AF=1             	
000011A8	.vmp0:sub_404133+2A     	movzx   eax, al                 	EAX=000000AF                            	
000011A8	.vmp0:sub_404133+2D     	jmp     ds:off_4041FC[eax*4]    	                                        	
000011A8	.vmp0:sub_404133:loc_40485E	mov     al, [esi]               	EAX=0000003C                            	
000011A8	.vmp0:sub_404133+72D    	mov     edx, [eax+edi]          	EDX=FFFF53FC                            	
000011A8	.vmp0:sub_404133+730    	inc     esi                     	ESI=00404916 AF=0                       	
000011A8	.vmp0:sub_404133+731    	sub     ebp, 4                  	EBP=0060FF48 CF=0 PF=1                  	
000011A8	.vmp0:sub_404133+734    	mov     [ebp+0], edx            	                                        	
000011A8	.vmp0:sub_404133+737    	jmp     loc_404718              	                                        	
000011A8	.vmp0:sub_404133:loc_404718	lea     eax, [edi+50h]          	EAX=0060FEB0                            	
000011A8	.vmp0:sub_404133+5E8    	cmp     ebp, eax                	PF=0                                    	
000011A8	.vmp0:sub_404133+5EA    	ja      loc_404158              	                                        	
000011A8	.vmp0:sub_404133:loc_404158	mov     al, [esi]               	EAX=0060FE42                            	
000011A8	.vmp0:sub_404133+27     	sub     esi, 0FFFFFFFFh         	ESI=00404917 CF=1 PF=1 AF=1             	
000011A8	.vmp0:sub_404133+2A     	movzx   eax, al                 	EAX=00000042                            	
000011A8	.vmp0:sub_404133+2D     	jmp     ds:off_4041FC[eax*4]    	                                        	
000011A8	.vmp0:sub_404133:loc_40485E	mov     al, [esi]               	EAX=00000000                            	
000011A8	.vmp0:sub_404133+72D    	mov     edx, [eax+edi]          	EDX=0040100B                            	
000011A8	.vmp0:sub_404133+730    	inc     esi                     	ESI=00404918 AF=0                       	
000011A8	.vmp0:sub_404133+731    	sub     ebp, 4                  	EBP=0060FF44 CF=0                       	
000011A8	.vmp0:sub_404133+734    	mov     [ebp+0], edx            	                                        	
000011A8	.vmp0:sub_404133+737    	jmp     loc_404718              	                                        	
000011A8	.vmp0:sub_404133:loc_404718	lea     eax, [edi+50h]          	EAX=0060FEB0                            	
000011A8	.vmp0:sub_404133+5E8    	cmp     ebp, eax                	PF=0                                    	
000011A8	.vmp0:sub_404133+5EA    	ja      loc_404158              	                                        	
000011A8	.vmp0:sub_404133:loc_404158	mov     al, [esi]               	EAX=0060FE28                            	
000011A8	.vmp0:sub_404133+27     	sub     esi, 0FFFFFFFFh         	ESI=00404919 CF=1 AF=1                  	
000011A8	.vmp0:sub_404133+2A     	movzx   eax, al                 	EAX=00000028                            	
000011A8	.vmp0:sub_404133+2D     	jmp     ds:off_4041FC[eax*4]    	                                        	
000011A8	.vmp0:sub_404133:loc_40485E	mov     al, [esi]               	EAX=00000034                            	
000011A8	.vmp0:sub_404133+72D    	mov     edx, [eax+edi]          	EDX=00000397                            	
000011A8	.vmp0:sub_404133+730    	inc     esi                     	ESI=0040491A AF=0                       	
000011A8	.vmp0:sub_404133+731    	sub     ebp, 4                  	EBP=0060FF40 CF=0                       	
000011A8	.vmp0:sub_404133+734    	mov     [ebp+0], edx            	                                        	
000011A8	.vmp0:sub_404133+737    	jmp     loc_404718              	                                        	
000011A8	.vmp0:sub_404133:loc_404718	lea     eax, [edi+50h]          	EAX=0060FEB0                            	
000011A8	.vmp0:sub_404133+5E8    	cmp     ebp, eax                	PF=1                                    	
000011A8	.vmp0:sub_404133+5EA    	ja      loc_404158              	                                        	
000011A8	.vmp0:sub_404133:loc_404158	mov     al, [esi]               	EAX=0060FEEF                            	
000011A8	.vmp0:sub_404133+27     	sub     esi, 0FFFFFFFFh         	ESI=0040491B CF=1 AF=1                  	
000011A8	.vmp0:sub_404133+2A     	movzx   eax, al                 	EAX=000000EF                            	
000011A8	.vmp0:sub_404133+2D     	jmp     ds:off_4041FC[eax*4]    	                                        	
000011A8	.vmp0:sub_404133:loc_40485E	mov     al, [esi]               	EAX=0000002C                            	
000011A8	.vmp0:sub_404133+72D    	mov     edx, [eax+edi]          	EDX=75259AFF                            	
000011A8	.vmp0:sub_404133+730    	inc     esi                     	ESI=0040491C PF=0 AF=0                  	
000011A8	.vmp0:sub_404133+731    	sub     ebp, 4                  	EBP=0060FF3C CF=0 PF=1 AF=1             	
000011A8	.vmp0:sub_404133+734    	mov     [ebp+0], edx            	                                        	
000011A8	.vmp0:sub_404133+737    	jmp     loc_404718              	                                        	
000011A8	.vmp0:sub_404133:loc_404718	lea     eax, [edi+50h]          	EAX=0060FEB0                            	
000011A8	.vmp0:sub_404133+5E8    	cmp     ebp, eax                	PF=0 AF=0                               	
000011A8	.vmp0:sub_404133+5EA    	ja      loc_404158              	                                        	
000011A8	.vmp0:sub_404133:loc_404158	mov     al, [esi]               	EAX=0060FE28                            	
000011A8	.vmp0:sub_404133+27     	sub     esi, 0FFFFFFFFh         	ESI=0040491D CF=1 PF=1 AF=1             	
000011A8	.vmp0:sub_404133+2A     	movzx   eax, al                 	EAX=00000028                            	
000011A8	.vmp0:sub_404133+2D     	jmp     ds:off_4041FC[eax*4]    	                                        	
000011A8	.vmp0:sub_404133:loc_40485E	mov     al, [esi]               	EAX=00000024                            	
000011A8	.vmp0:sub_404133+72D    	mov     edx, [eax+edi]          	EDX=0060FF80                            	
000011A8	.vmp0:sub_404133+730    	inc     esi                     	ESI=0040491E AF=0                       	
000011A8	.vmp0:sub_404133+731    	sub     ebp, 4                  	EBP=0060FF38 CF=0 PF=0                  	
000011A8	.vmp0:sub_404133+734    	mov     [ebp+0], edx            	                                        	
000011A8	.vmp0:sub_404133+737    	jmp     loc_404718              	                                        	
000011A8	.vmp0:sub_404133:loc_404718	lea     eax, [edi+50h]          	EAX=0060FEB0                            	
000011A8	.vmp0:sub_404133+5E8    	cmp     ebp, eax                	PF=1                                    	
000011A8	.vmp0:sub_404133+5EA    	ja      loc_404158              	                                        	
000011A8	.vmp0:sub_404133:loc_404158	mov     al, [esi]               	EAX=0060FE42                            	
000011A8	.vmp0:sub_404133+27     	sub     esi, 0FFFFFFFFh         	ESI=0040491F CF=1 PF=0 AF=1             	
000011A8	.vmp0:sub_404133+2A     	movzx   eax, al                 	EAX=00000042                            	
000011A8	.vmp0:sub_404133+2D     	jmp     ds:off_4041FC[eax*4]    	                                        	
000011A8	.vmp0:sub_404133:loc_40485E	mov     al, [esi]               	EAX=00000020                            	
000011A8	.vmp0:sub_404133+72D    	mov     edx, [eax+edi]          	EDX=002D4000                            	
000011A8	.vmp0:sub_404133+730    	inc     esi                     	ESI=00404920                            	
000011A8	.vmp0:sub_404133+731    	sub     ebp, 4                  	EBP=0060FF34 CF=0 AF=0                  	
000011A8	.vmp0:sub_404133+734    	mov     [ebp+0], edx            	                                        	
000011A8	.vmp0:sub_404133+737    	jmp     loc_404718              	                                        	
000011A8	.vmp0:sub_404133:loc_404718	lea     eax, [edi+50h]          	EAX=0060FEB0                            	
000011A8	.vmp0:sub_404133+5E8    	cmp     ebp, eax                	PF=1                                    	
000011A8	.vmp0:sub_404133+5EA    	ja      loc_404158              	                                        	
000011A8	.vmp0:sub_404133:loc_404158	mov     al, [esi]               	EAX=0060FE28                            	
000011A8	.vmp0:sub_404133+27     	sub     esi, 0FFFFFFFFh         	ESI=00404921 CF=1 AF=1                  	
000011A8	.vmp0:sub_404133+2A     	movzx   eax, al                 	EAX=00000028                            	
000011A8	.vmp0:sub_404133+2D     	jmp     ds:off_4041FC[eax*4]    	                                        	
000011A8	.vmp0:sub_404133:loc_40485E	mov     al, [esi]               	EAX=00000004                            	
000011A8	.vmp0:sub_404133+72D    	mov     edx, [eax+edi]          	EDX=00000386                            	
000011A8	.vmp0:sub_404133+730    	inc     esi                     	ESI=00404922 AF=0                       	
000011A8	.vmp0:sub_404133+731    	sub     ebp, 4                  	EBP=0060FF30 CF=0                       	
000011A8	.vmp0:sub_404133+734    	mov     [ebp+0], edx            	                                        	
000011A8	.vmp0:sub_404133+737    	jmp     loc_404718              	                                        	
000011A8	.vmp0:sub_404133:loc_404718	lea     eax, [edi+50h]          	EAX=0060FEB0                            	
000011A8	.vmp0:sub_404133+5E8    	cmp     ebp, eax                	PF=0                                    	
000011A8	.vmp0:sub_404133+5EA    	ja      loc_404158              	                                        	
000011A8	.vmp0:sub_404133:loc_404158	mov     al, [esi]               	EAX=0060FEAF                            	
000011A8	.vmp0:sub_404133+27     	sub     esi, 0FFFFFFFFh         	ESI=00404923 CF=1 AF=1                  	
000011A8	.vmp0:sub_404133+2A     	movzx   eax, al                 	EAX=000000AF                            	
000011A8	.vmp0:sub_404133+2D     	jmp     ds:off_4041FC[eax*4]    	                                        	
000011A8	.vmp0:sub_404133:loc_40485E	mov     al, [esi]               	EAX=0000000C                            	
000011A8	.vmp0:sub_404133+72D    	mov     edx, [eax+edi]          	EDX=0040100B                            	
000011A8	.vmp0:sub_404133+730    	inc     esi                     	ESI=00404924 PF=1 AF=0                  	
000011A8	.vmp0:sub_404133+731    	sub     ebp, 4                  	EBP=0060FF2C CF=0 PF=0 AF=1             	
000011A8	.vmp0:sub_404133+734    	mov     [ebp+0], edx            	                                        	
000011A8	.vmp0:sub_404133+737    	jmp     loc_404718              	                                        	
000011A8	.vmp0:sub_404133:loc_404718	lea     eax, [edi+50h]          	EAX=0060FEB0                            	
000011A8	.vmp0:sub_404133+5E8    	cmp     ebp, eax                	AF=0                                    	
000011A8	.vmp0:sub_404133+5EA    	ja      loc_404158              	                                        	
000011A8	.vmp0:sub_404133:loc_404158	mov     al, [esi]               	EAX=0060FE28                            	
000011A8	.vmp0:sub_404133+27     	sub     esi, 0FFFFFFFFh         	ESI=00404925 CF=1 AF=1                  	
000011A8	.vmp0:sub_404133+2A     	movzx   eax, al                 	EAX=00000028                            	
000011A8	.vmp0:sub_404133+2D     	jmp     ds:off_4041FC[eax*4]    	                                        	
000011A8	.vmp0:sub_404133:loc_40485E	mov     al, [esi]               	EAX=00000020                            	
000011A8	.vmp0:sub_404133+72D    	mov     edx, [eax+edi]          	EDX=002D4000                            	
000011A8	.vmp0:sub_404133+730    	inc     esi                     	ESI=00404926 AF=0                       	
000011A8	.vmp0:sub_404133+731    	sub     ebp, 4                  	EBP=0060FF28 CF=0 PF=1                  	
000011A8	.vmp0:sub_404133+734    	mov     [ebp+0], edx            	                                        	
000011A8	.vmp0:sub_404133+737    	jmp     loc_404718              	                                        	
000011A8	.vmp0:sub_404133:loc_404718	lea     eax, [edi+50h]          	EAX=0060FEB0                            	
000011A8	.vmp0:sub_404133+5E8    	cmp     ebp, eax                	                                        	
000011A8	.vmp0:sub_404133+5EA    	ja      loc_404158              	                                        	
000011A8	.vmp0:sub_404133:loc_404158	mov     al, [esi]               	EAX=0060FE5C                            	
000011A8	.vmp0:sub_404133+27     	sub     esi, 0FFFFFFFFh         	ESI=00404927 CF=1 AF=1                  	
000011A8	.vmp0:sub_404133+2A     	movzx   eax, al                 	EAX=0000005C                            	
000011A8	.vmp0:sub_404133+2D     	jmp     ds:off_4041FC[eax*4]    	                                        	
000011A8	.vmp0:sub_404133:loc_404818	mov     esp, ebp                	ESP=0060FF28                            	
000011A8	.vmp0:sub_404133+6E7    	pop     ecx                     	ECX=002D4000 ESP=0060FF2C               	
000011A8	.vmp0:sub_404133+6E8    	pop     ebx                     	EBX=0040100B ESP=0060FF30               	
000011A8	.vmp0:sub_404133+6E9    	pop     ecx                     	ECX=00000386 ESP=0060FF34               	
000011A8	.vmp0:sub_404133+6EA    	pop     ebx                     	EBX=002D4000 ESP=0060FF38               	
000011A8	.vmp0:sub_404133+6EB    	pop     ebp                     	EBP=0060FF80 ESP=0060FF3C               	
000011A8	.vmp0:sub_404133+6EC    	pop     ecx                     	ECX=75259AFF ESP=0060FF40               	
000011A8	.vmp0:sub_404133+6ED    	popf                            	ESP=0060FF44 SF=1                       	
000011A8	.vmp0:sub_404133+6EE    	pop     esi                     	ESI=0040100B ESP=0060FF48               	
000011A8	.vmp0:sub_404133+6EF    	pop     eax                     	EAX=FFFF53FC ESP=0060FF4C               	
000011A8	.vmp0:sub_404133+6F0    	pop     edx                     	EDX=00000000 ESP=0060FF50               	
000011A8	.vmp0:sub_404133+6F1    	pop     edi                     	EDI=0040100B ESP=0060FF54               	
000011A8	.vmp0:sub_404133+6F2    	retn                            	ESP=0060FF58                            	
000011A8	.text:start+26          	mov     [ebp+var_C], eax        	                                        	
000011A8	.text:start+29          	mov     eax, [ebp+var_C]        	                                        	
000011A8	.text:start+2C          	mov     [esp+28h+var_24], eax   	                                        	
000011A8	.text:start+30          	mov     [esp+28h+Str], offset Format; \"erg = %i\\n\"	                                        	
000011A8	.text:start+37          	call    printf                  	ESP=0060FF54                            	
000011A8	.text:printf            	jmp     ds:__imp_printf         	EAX=0000000D ECX=752549B3 ESP=0060FF58 CF=0 AF=0 ZF=1 SF=0 	
000011A8	.text:start+3C          	mov     [esp+28h+Str], 0; Code  	                                        	
000011A8	.text:start+43          	call    exit                    	ESP=0060FF54                            	
